[2021-07-30T00:38:25.669] [ERROR] cheese - admin/adminMongoError: E11000 duplicate key error collection: staff.notice index: userId_1 dup key: { userId: "1234" }
[2021-07-30T23:30:06.459] [ERROR] cheese - TypeError: UserDao.findOne(...).then(...).then(...).cathc is not a function
    at D:\个人文件\react\staff\server\Staff-Server\Dao\UserDao.js:61:8
    at new Promise (<anonymous>)
    at ModicPasswords (D:\个人文件\react\staff\server\Staff-Server\Dao\UserDao.js:46:19)
    at ModicPassword (D:\个人文件\react\staff\server\Staff-Server\control\user.js:152:31)
    at Layer.handle [as handle_request] (D:\个人文件\react\staff\server\Staff-Server\node_modules\express\lib\router\layer.js:95:5)
    at next (D:\个人文件\react\staff\server\Staff-Server\node_modules\express\lib\router\route.js:137:13)
    at Route.dispatch (D:\个人文件\react\staff\server\Staff-Server\node_modules\express\lib\router\route.js:112:3)
    at Layer.handle [as handle_request] (D:\个人文件\react\staff\server\Staff-Server\node_modules\express\lib\router\layer.js:95:5)
    at D:\个人文件\react\staff\server\Staff-Server\node_modules\express\lib\router\index.js:281:22
    at Function.process_params (D:\个人文件\react\staff\server\Staff-Server\node_modules\express\lib\router\index.js:335:12)
    at next (D:\个人文件\react\staff\server\Staff-Server\node_modules\express\lib\router\index.js:275:10)
    at Function.handle (D:\个人文件\react\staff\server\Staff-Server\node_modules\express\lib\router\index.js:174:3)
    at router (D:\个人文件\react\staff\server\Staff-Server\node_modules\express\lib\router\index.js:47:12)
    at Layer.handle [as handle_request] (D:\个人文件\react\staff\server\Staff-Server\node_modules\express\lib\router\layer.js:95:5)
    at trim_prefix (D:\个人文件\react\staff\server\Staff-Server\node_modules\express\lib\router\index.js:317:13)
    at D:\个人文件\react\staff\server\Staff-Server\node_modules\express\lib\router\index.js:284:7
[2021-07-31T00:27:25.014] [ERROR] cheese - [Error: ENOENT: no such file or directory, open 'D:\个人文件\react\staff\server\Staff-Server\www\imgages\jbJjQloPlPSdZMl04Z8TRy8v.jpg'] {
  errno: -4058,
  code: 'ENOENT',
  syscall: 'open',
  path: 'D:\\个人文件\\react\\staff\\server\\Staff-Server\\www\\imgages\\jbJjQloPlPSdZMl04Z8TRy8v.jpg'
}
[2021-07-31T00:29:00.816] [ERROR] cheese - [Error: ENOENT: no such file or directory, open 'D:\个人文件\react\staff\server\Staff-Server\www\imgages\2946X1nwTqHU9oMVhYpQkMj1.jpg'] {
  errno: -4058,
  code: 'ENOENT',
  syscall: 'open',
  path: 'D:\\个人文件\\react\\staff\\server\\Staff-Server\\www\\imgages\\2946X1nwTqHU9oMVhYpQkMj1.jpg'
}
[2021-07-31T00:29:07.208] [ERROR] cheese - [Error: ENOENT: no such file or directory, open 'D:\个人文件\react\staff\server\Staff-Server\control\www\imgages\nh6GqipnasKsva00MfSjBsUh.jpg'] {
  errno: -4058,
  code: 'ENOENT',
  syscall: 'open',
  path: 'D:\\个人文件\\react\\staff\\server\\Staff-Server\\control\\www\\imgages\\nh6GqipnasKsva00MfSjBsUh.jpg'
}
[2021-07-31T00:29:41.390] [ERROR] cheese - [Error: ENOENT: no such file or directory, open 'D:\个人文件\react\staff\server\Staff-Server\control\www\images\jSqQz0Y88VnGgyF-vOtFSyUy.jpg'] {
  errno: -4058,
  code: 'ENOENT',
  syscall: 'open',
  path: 'D:\\个人文件\\react\\staff\\server\\Staff-Server\\control\\www\\images\\jSqQz0Y88VnGgyF-vOtFSyUy.jpg'
}
[2021-07-31T00:29:54.425] [ERROR] cheese - [Error: ENOENT: no such file or directory, open 'D:\个人文件\react\staff\server\Staff-Server\control\www\images\BO_8kQT7YLu1Vidco0-96iXP.jpg'] {
  errno: -4058,
  code: 'ENOENT',
  syscall: 'open',
  path: 'D:\\个人文件\\react\\staff\\server\\Staff-Server\\control\\www\\images\\BO_8kQT7YLu1Vidco0-96iXP.jpg'
}
[2021-07-31T10:16:44.732] [ERROR] cheese - [Error: ENOENT: no such file or directory, open 'D:\个人文件\react\staff\server\Staff-Server\www\images\1阿勇\RgdSmvzVjLDxkPUAbs9j6vcL.jpg'] {
  errno: -4058,
  code: 'ENOENT',
  syscall: 'open',
  path: 'D:\\个人文件\\react\\staff\\server\\Staff-Server\\www\\images\\1阿勇\\RgdSmvzVjLDxkPUAbs9j6vcL.jpg'
}
[2021-07-31T10:23:33.531] [ERROR] cheese - [Error: ENOENT: no such file or directory, open 'D:\个人文件\react\staff\server\Staff-Server\www\images\1阿勇\o8yyM5NABIDhmPtVK-BXC7vB.jpg'] {
  errno: -4058,
  code: 'ENOENT',
  syscall: 'open',
  path: 'D:\\个人文件\\react\\staff\\server\\Staff-Server\\www\\images\\1阿勇\\o8yyM5NABIDhmPtVK-BXC7vB.jpg'
}
[2021-07-31T10:28:35.404] [ERROR] cheese - [Error: ENOENT: no such file or directory, open 'D:\个人文件\react\staff\server\Staff-Server\www\images\1阿勇\-o-WNaIFqsVCvBw8rCg7Buy7.jpg'] {
  errno: -4058,
  code: 'ENOENT',
  syscall: 'open',
  path: 'D:\\个人文件\\react\\staff\\server\\Staff-Server\\www\\images\\1阿勇\\-o-WNaIFqsVCvBw8rCg7Buy7.jpg'
}
[2021-07-31T10:31:22.757] [ERROR] cheese - [Error: ENOENT: no such file or directory, open 'D:\个人文件\react\staff\server\Staff-Server\www\images\1阿勇\WmAV9eg-WHK6LoL1gkQv0xdA.jpg'] {
  errno: -4058,
  code: 'ENOENT',
  syscall: 'open',
  path: 'D:\\个人文件\\react\\staff\\server\\Staff-Server\\www\\images\\1阿勇\\WmAV9eg-WHK6LoL1gkQv0xdA.jpg'
}
[2021-07-31T10:36:34.941] [ERROR] cheese - [Error: ENOENT: no such file or directory, open 'D:\个人文件\react\staff\server\Staff-Server\www\images\1阿勇\vykqDp3yJ4lPhuJww6eizvky.jpg'] {
  errno: -4058,
  code: 'ENOENT',
  syscall: 'open',
  path: 'D:\\个人文件\\react\\staff\\server\\Staff-Server\\www\\images\\1阿勇\\vykqDp3yJ4lPhuJww6eizvky.jpg'
}
[2021-07-31T10:37:16.002] [ERROR] cheese - [Error: ENOENT: no such file or directory, open 'D:\个人文件\react\staff\server\Staff-Server\www\images\1阿勇\Iaq4sbG5qWBkm2b1r5-G_hUf.jpg'] {
  errno: -4058,
  code: 'ENOENT',
  syscall: 'open',
  path: 'D:\\个人文件\\react\\staff\\server\\Staff-Server\\www\\images\\1阿勇\\Iaq4sbG5qWBkm2b1r5-G_hUf.jpg'
}
[2021-07-31T10:48:09.022] [ERROR] cheese - TypeError [ERR_INVALID_ARG_TYPE]: The "oldPath" argument must be of type string or an instance of Buffer or URL. Received undefined
    at Object.rename (fs.js:726:13)
    at D:\个人文件\react\staff\server\Staff-Server\api\fs.js:47:16
    at new Promise (<anonymous>)
    at Fs.handleReName (D:\个人文件\react\staff\server\Staff-Server\api\fs.js:46:16)
    at ModicImg (D:\个人文件\react\staff\server\Staff-Server\control\user.js:177:31)
    at processTicksAndRejections (internal/process/task_queues.js:97:5) {
  code: 'ERR_INVALID_ARG_TYPE'
}
[2021-07-31T11:09:33.482] [ERROR] cheese - TypeError: Date.new is not a function
    at ModicImg (D:\个人文件\react\staff\server\Staff-Server\control\user.js:180:79)
    at processTicksAndRejections (internal/process/task_queues.js:97:5)
[2021-07-31T20:42:15.858] [ERROR] cheese - TypeError: OrderDao.findOne(...).then(...).then(...).cathc is not a function
    at D:\个人文件\react\staff\server\Staff-Server\Dao\OrderDao.js:48:12
    at new Promise (<anonymous>)
    at deleteOrders (D:\个人文件\react\staff\server\Staff-Server\Dao\OrderDao.js:35:12)
    at deleteOrder (D:\个人文件\react\staff\server\Staff-Server\control\user.js:254:31)
    at Layer.handle [as handle_request] (D:\个人文件\react\staff\server\Staff-Server\node_modules\express\lib\router\layer.js:95:5)
    at next (D:\个人文件\react\staff\server\Staff-Server\node_modules\express\lib\router\route.js:137:13)
    at Route.dispatch (D:\个人文件\react\staff\server\Staff-Server\node_modules\express\lib\router\route.js:112:3)
    at Layer.handle [as handle_request] (D:\个人文件\react\staff\server\Staff-Server\node_modules\express\lib\router\layer.js:95:5)
    at D:\个人文件\react\staff\server\Staff-Server\node_modules\express\lib\router\index.js:281:22
    at Function.process_params (D:\个人文件\react\staff\server\Staff-Server\node_modules\express\lib\router\index.js:335:12)
    at next (D:\个人文件\react\staff\server\Staff-Server\node_modules\express\lib\router\index.js:275:10)
    at Function.handle (D:\个人文件\react\staff\server\Staff-Server\node_modules\express\lib\router\index.js:174:3)
    at router (D:\个人文件\react\staff\server\Staff-Server\node_modules\express\lib\router\index.js:47:12)
    at Layer.handle [as handle_request] (D:\个人文件\react\staff\server\Staff-Server\node_modules\express\lib\router\layer.js:95:5)
    at trim_prefix (D:\个人文件\react\staff\server\Staff-Server\node_modules\express\lib\router\index.js:317:13)
    at D:\个人文件\react\staff\server\Staff-Server\node_modules\express\lib\router\index.js:284:7
[2021-07-31T20:48:54.074] [ERROR] cheese - TypeError: Cannot read property 'deletedCount' of undefined
    at D:\个人文件\react\staff\server\Staff-Server\Dao\OrderDao.js:42:20
    at processTicksAndRejections (internal/process/task_queues.js:97:5)
[2021-07-31T22:25:48.499] [ERROR] cheese - TypeError: res.status is not a function
    at Object.Success (D:\个人文件\react\staff\server\Staff-Server\api\message.js:29:17)
    at Object.DecideRes (D:\个人文件\react\staff\server\Staff-Server\api\message.js:38:18)
    at calculateBonus (D:\个人文件\react\staff\server\Staff-Server\api\message.js:44:22)
    at getOrderByPageNum (D:\个人文件\react\staff\server\Staff-Server\control\user.js:274:17)
    at processTicksAndRejections (internal/process/task_queues.js:97:5)
[2021-07-31T22:26:49.969] [ERROR] cheese - TypeError: res.status is not a function
    at Object.Success (D:\个人文件\react\staff\server\Staff-Server\api\message.js:29:17)
    at Object.DecideRes (D:\个人文件\react\staff\server\Staff-Server\api\message.js:39:18)
    at calculateBonus (D:\个人文件\react\staff\server\Staff-Server\api\message.js:45:22)
    at getOrderByPageNum (D:\个人文件\react\staff\server\Staff-Server\control\user.js:274:17)
    at processTicksAndRejections (internal/process/task_queues.js:97:5)
[2021-07-31T22:27:42.057] [ERROR] cheese - TypeError: res.status is not a function
    at Object.Success (D:\个人文件\react\staff\server\Staff-Server\api\message.js:29:17)
    at Object.DecideRes (D:\个人文件\react\staff\server\Staff-Server\api\message.js:39:18)
    at calculateBonus (D:\个人文件\react\staff\server\Staff-Server\api\message.js:45:22)
    at getOrderByPageNum (D:\个人文件\react\staff\server\Staff-Server\control\user.js:274:17)
    at processTicksAndRejections (internal/process/task_queues.js:97:5)
[2021-07-31T22:43:14.096] [ERROR] cheese - TypeError: res.status is not a function
    at Object.FError (D:\个人文件\react\staff\server\Staff-Server\api\message.js:25:17)
    at calculateBonus (D:\个人文件\react\staff\server\Staff-Server\api\message.js:46:22)
    at Login (D:\个人文件\react\staff\server\Staff-Server\control\user.js:35:17)
    at Layer.handle [as handle_request] (D:\个人文件\react\staff\server\Staff-Server\node_modules\express\lib\router\layer.js:95:5)
    at next (D:\个人文件\react\staff\server\Staff-Server\node_modules\express\lib\router\route.js:137:13)
    at Route.dispatch (D:\个人文件\react\staff\server\Staff-Server\node_modules\express\lib\router\route.js:112:3)
    at Layer.handle [as handle_request] (D:\个人文件\react\staff\server\Staff-Server\node_modules\express\lib\router\layer.js:95:5)
    at D:\个人文件\react\staff\server\Staff-Server\node_modules\express\lib\router\index.js:281:22
    at Function.process_params (D:\个人文件\react\staff\server\Staff-Server\node_modules\express\lib\router\index.js:335:12)
    at next (D:\个人文件\react\staff\server\Staff-Server\node_modules\express\lib\router\index.js:275:10)
    at Function.handle (D:\个人文件\react\staff\server\Staff-Server\node_modules\express\lib\router\index.js:174:3)
    at router (D:\个人文件\react\staff\server\Staff-Server\node_modules\express\lib\router\index.js:47:12)
    at Layer.handle [as handle_request] (D:\个人文件\react\staff\server\Staff-Server\node_modules\express\lib\router\layer.js:95:5)
    at trim_prefix (D:\个人文件\react\staff\server\Staff-Server\node_modules\express\lib\router\index.js:317:13)
    at D:\个人文件\react\staff\server\Staff-Server\node_modules\express\lib\router\index.js:284:7
    at Function.process_params (D:\个人文件\react\staff\server\Staff-Server\node_modules\express\lib\router\index.js:335:12)
[2021-07-31T22:43:43.348] [ERROR] cheese - TypeError: res.status is not a function
    at Object.FError (D:\个人文件\react\staff\server\Staff-Server\api\message.js:25:17)
    at calculateBonus (D:\个人文件\react\staff\server\Staff-Server\api\message.js:46:22)
    at Login (D:\个人文件\react\staff\server\Staff-Server\control\user.js:35:17)
    at Layer.handle [as handle_request] (D:\个人文件\react\staff\server\Staff-Server\node_modules\express\lib\router\layer.js:95:5)
    at next (D:\个人文件\react\staff\server\Staff-Server\node_modules\express\lib\router\route.js:137:13)
    at Route.dispatch (D:\个人文件\react\staff\server\Staff-Server\node_modules\express\lib\router\route.js:112:3)
    at Layer.handle [as handle_request] (D:\个人文件\react\staff\server\Staff-Server\node_modules\express\lib\router\layer.js:95:5)
    at D:\个人文件\react\staff\server\Staff-Server\node_modules\express\lib\router\index.js:281:22
    at Function.process_params (D:\个人文件\react\staff\server\Staff-Server\node_modules\express\lib\router\index.js:335:12)
    at next (D:\个人文件\react\staff\server\Staff-Server\node_modules\express\lib\router\index.js:275:10)
    at Function.handle (D:\个人文件\react\staff\server\Staff-Server\node_modules\express\lib\router\index.js:174:3)
    at router (D:\个人文件\react\staff\server\Staff-Server\node_modules\express\lib\router\index.js:47:12)
    at Layer.handle [as handle_request] (D:\个人文件\react\staff\server\Staff-Server\node_modules\express\lib\router\layer.js:95:5)
    at trim_prefix (D:\个人文件\react\staff\server\Staff-Server\node_modules\express\lib\router\index.js:317:13)
    at D:\个人文件\react\staff\server\Staff-Server\node_modules\express\lib\router\index.js:284:7
    at Function.process_params (D:\个人文件\react\staff\server\Staff-Server\node_modules\express\lib\router\index.js:335:12)
[2021-07-31T23:04:50.761] [ERROR] cheese - TypeError: Cannot read property 'resource' of undefined
    at D:\个人文件\react\staff\server\Staff-Server\Dao\NoticeDao.js:38:44
    at processTicksAndRejections (internal/process/task_queues.js:97:5)
[2021-07-31T23:05:20.429] [ERROR] cheese - TypeError: Cannot read property 'resource' of undefined
    at D:\个人文件\react\staff\server\Staff-Server\Dao\NoticeDao.js:38:44
    at processTicksAndRejections (internal/process/task_queues.js:97:5)
[2021-07-31T23:06:01.308] [ERROR] cheese - TypeError: Cannot read property 'resource' of undefined
    at D:\个人文件\react\staff\server\Staff-Server\Dao\NoticeDao.js:38:44
    at processTicksAndRejections (internal/process/task_queues.js:97:5)
[2021-07-31T23:40:47.382] [ERROR] cheese - admin/adminMongoError: E11000 duplicate key error collection: staff.notice index: userId_1 dup key: { userId: "1234" }
[2021-08-01T12:23:33.250] [ERROR] cheese - Error [ERR_HTTP_HEADERS_SENT]: Cannot set headers after they are sent to the client
    at ServerResponse.setHeader (_http_outgoing.js:530:11)
    at ServerResponse.header (D:\个人文件\react\staff\server\Staff-Server\node_modules\express\lib\response.js:771:10)
    at ServerResponse.send (D:\个人文件\react\staff\server\Staff-Server\node_modules\express\lib\response.js:170:12)
    at ServerResponse.json (D:\个人文件\react\staff\server\Staff-Server\node_modules\express\lib\response.js:267:15)
    at ServerResponse.send (D:\个人文件\react\staff\server\Staff-Server\node_modules\express\lib\response.js:158:21)
    at Object.Success (D:\个人文件\react\staff\server\Staff-Server\api\message.js:29:31)
    at Object.DecideRes (D:\个人文件\react\staff\server\Staff-Server\api\message.js:39:18)
    at calculateBonus (D:\个人文件\react\staff\server\Staff-Server\api\message.js:45:22)
    at getOrderByPageNum (D:\个人文件\react\staff\server\Staff-Server\control\user.js:274:17)
    at processTicksAndRejections (internal/process/task_queues.js:97:5) {
  code: 'ERR_HTTP_HEADERS_SENT'
}
[2021-08-01T13:23:55.820] [ERROR] cheese - CastError: Cast to date failed for value "电" (type string) at path "createTime" for model "order"
    at model.Query.exec (D:\个人文件\react\staff\server\Staff-Server\node_modules\mongoose\lib\query.js:4470:21)
    at model.Query.Query.then (D:\个人文件\react\staff\server\Staff-Server\node_modules\mongoose\lib\query.js:4564:15)
    at D:\个人文件\react\staff\server\Staff-Server\Dao\OrderDao.js:79:109
    at new Promise (<anonymous>)
    at getSearchByPageNums (D:\个人文件\react\staff\server\Staff-Server\Dao\OrderDao.js:78:12)
    at getSearchByPageNum (D:\个人文件\react\staff\server\Staff-Server\control\user.js:234:39)
    at Layer.handle [as handle_request] (D:\个人文件\react\staff\server\Staff-Server\node_modules\express\lib\router\layer.js:95:5)
    at next (D:\个人文件\react\staff\server\Staff-Server\node_modules\express\lib\router\route.js:137:13)
    at Route.dispatch (D:\个人文件\react\staff\server\Staff-Server\node_modules\express\lib\router\route.js:112:3)
    at Layer.handle [as handle_request] (D:\个人文件\react\staff\server\Staff-Server\node_modules\express\lib\router\layer.js:95:5)
    at D:\个人文件\react\staff\server\Staff-Server\node_modules\express\lib\router\index.js:281:22
    at Function.process_params (D:\个人文件\react\staff\server\Staff-Server\node_modules\express\lib\router\index.js:335:12)
    at next (D:\个人文件\react\staff\server\Staff-Server\node_modules\express\lib\router\index.js:275:10)
    at Function.handle (D:\个人文件\react\staff\server\Staff-Server\node_modules\express\lib\router\index.js:174:3)
    at router (D:\个人文件\react\staff\server\Staff-Server\node_modules\express\lib\router\index.js:47:12)
    at Layer.handle [as handle_request] (D:\个人文件\react\staff\server\Staff-Server\node_modules\express\lib\router\layer.js:95:5) {
  messageFormat: undefined,
  stringValue: '"电"',
  kind: 'date',
  value: '电',
  path: 'createTime',
  reason: AssertionError [ERR_ASSERTION]: The expression evaluated to a falsy value:
  
    assert.ok(false)
  
      at castDate (D:\个人文件\react\staff\server\Staff-Server\node_modules\mongoose\lib\cast\date.js:40:10)
      at SchemaDate.cast (D:\个人文件\react\staff\server\Staff-Server\node_modules\mongoose\lib\schema\date.js:351:12)
      at SchemaDate.SchemaType.applySetters (D:\个人文件\react\staff\server\Staff-Server\node_modules\mongoose\lib\schematype.js:1106:12)
      at SchemaDate.SchemaType._castForQuery (D:\个人文件\react\staff\server\Staff-Server\node_modules\mongoose\lib\schematype.js:1584:15)
      at SchemaDate.castForQuery (D:\个人文件\react\staff\server\Staff-Server\node_modules\mongoose\lib\schema\date.js:386:17)
      at SchemaDate.SchemaType.castForQueryWrapper (D:\个人文件\react\staff\server\Staff-Server\node_modules\mongoose\lib\schematype.js:1551:20)
      at cast (D:\个人文件\react\staff\server\Staff-Server\node_modules\mongoose\lib\cast.js:331:32)
      at cast (D:\个人文件\react\staff\server\Staff-Server\node_modules\mongoose\lib\cast.js:74:18)
      at model.Query.Query.cast (D:\个人文件\react\staff\server\Staff-Server\node_modules\mongoose\lib\query.js:4909:12)
      at model.Query.Query._castConditions (D:\个人文件\react\staff\server\Staff-Server\node_modules\mongoose\lib\query.js:1954:10)
      at model.Query.<anonymous> (D:\个人文件\react\staff\server\Staff-Server\node_modules\mongoose\lib\query.js:1981:8)
      at model.Query._wrappedThunk [as _find] (D:\个人文件\react\staff\server\Staff-Server\node_modules\mongoose\lib\helpers\query\wrapThunk.js:16:8)
      at D:\个人文件\react\staff\server\Staff-Server\node_modules\kareem\index.js:370:33
      at processTicksAndRejections (internal/process/task_queues.js:79:11) {
    generatedMessage: true,
    code: 'ERR_ASSERTION',
    actual: false,
    expected: true,
    operator: '=='
  },
  valueType: 'string'
}
[2021-08-01T13:24:38.171] [ERROR] cheese - CastError: Cast to date failed for value "电" (type string) at path "createTime" for model "order"
    at model.Query.exec (D:\个人文件\react\staff\server\Staff-Server\node_modules\mongoose\lib\query.js:4470:21)
    at model.Query.Query.then (D:\个人文件\react\staff\server\Staff-Server\node_modules\mongoose\lib\query.js:4564:15)
    at D:\个人文件\react\staff\server\Staff-Server\Dao\OrderDao.js:79:109
    at new Promise (<anonymous>)
    at getSearchByPageNums (D:\个人文件\react\staff\server\Staff-Server\Dao\OrderDao.js:78:12)
    at getSearchByPageNum (D:\个人文件\react\staff\server\Staff-Server\control\user.js:234:39)
    at Layer.handle [as handle_request] (D:\个人文件\react\staff\server\Staff-Server\node_modules\express\lib\router\layer.js:95:5)
    at next (D:\个人文件\react\staff\server\Staff-Server\node_modules\express\lib\router\route.js:137:13)
    at Route.dispatch (D:\个人文件\react\staff\server\Staff-Server\node_modules\express\lib\router\route.js:112:3)
    at Layer.handle [as handle_request] (D:\个人文件\react\staff\server\Staff-Server\node_modules\express\lib\router\layer.js:95:5)
    at D:\个人文件\react\staff\server\Staff-Server\node_modules\express\lib\router\index.js:281:22
    at Function.process_params (D:\个人文件\react\staff\server\Staff-Server\node_modules\express\lib\router\index.js:335:12)
    at next (D:\个人文件\react\staff\server\Staff-Server\node_modules\express\lib\router\index.js:275:10)
    at Function.handle (D:\个人文件\react\staff\server\Staff-Server\node_modules\express\lib\router\index.js:174:3)
    at router (D:\个人文件\react\staff\server\Staff-Server\node_modules\express\lib\router\index.js:47:12)
    at Layer.handle [as handle_request] (D:\个人文件\react\staff\server\Staff-Server\node_modules\express\lib\router\layer.js:95:5) {
  messageFormat: undefined,
  stringValue: '"电"',
  kind: 'date',
  value: '电',
  path: 'createTime',
  reason: AssertionError [ERR_ASSERTION]: The expression evaluated to a falsy value:
  
    assert.ok(false)
  
      at castDate (D:\个人文件\react\staff\server\Staff-Server\node_modules\mongoose\lib\cast\date.js:40:10)
      at SchemaDate.cast (D:\个人文件\react\staff\server\Staff-Server\node_modules\mongoose\lib\schema\date.js:351:12)
      at SchemaDate.SchemaType.applySetters (D:\个人文件\react\staff\server\Staff-Server\node_modules\mongoose\lib\schematype.js:1106:12)
      at SchemaDate.SchemaType._castForQuery (D:\个人文件\react\staff\server\Staff-Server\node_modules\mongoose\lib\schematype.js:1584:15)
      at SchemaDate.castForQuery (D:\个人文件\react\staff\server\Staff-Server\node_modules\mongoose\lib\schema\date.js:386:17)
      at SchemaDate.SchemaType.castForQueryWrapper (D:\个人文件\react\staff\server\Staff-Server\node_modules\mongoose\lib\schematype.js:1551:20)
      at cast (D:\个人文件\react\staff\server\Staff-Server\node_modules\mongoose\lib\cast.js:331:32)
      at cast (D:\个人文件\react\staff\server\Staff-Server\node_modules\mongoose\lib\cast.js:74:18)
      at model.Query.Query.cast (D:\个人文件\react\staff\server\Staff-Server\node_modules\mongoose\lib\query.js:4909:12)
      at model.Query.Query._castConditions (D:\个人文件\react\staff\server\Staff-Server\node_modules\mongoose\lib\query.js:1954:10)
      at model.Query.<anonymous> (D:\个人文件\react\staff\server\Staff-Server\node_modules\mongoose\lib\query.js:1981:8)
      at model.Query._wrappedThunk [as _find] (D:\个人文件\react\staff\server\Staff-Server\node_modules\mongoose\lib\helpers\query\wrapThunk.js:16:8)
      at D:\个人文件\react\staff\server\Staff-Server\node_modules\kareem\index.js:370:33
      at processTicksAndRejections (internal/process/task_queues.js:79:11) {
    generatedMessage: true,
    code: 'ERR_ASSERTION',
    actual: false,
    expected: true,
    operator: '=='
  },
  valueType: 'string'
}
[2021-08-02T20:44:37.319] [ERROR] cheese - TypeError: Strategies[level] is not a function
    at calculateBonus (D:\个人文件\react\staff\server\Staff-Server\api\message.js:45:22)
    at addApply (D:\个人文件\react\staff\server\Staff-Server\control\user.js:305:13)
    at processTicksAndRejections (internal/process/task_queues.js:97:5)
[2021-08-02T20:45:03.154] [ERROR] cheese - MongoError: E11000 duplicate key error collection: staff.apply index: userId_1 dup key: { userId: "1" }
    at Function.create (D:\个人文件\react\staff\server\Staff-Server\node_modules\mongoose\node_modules\mongodb\lib\core\error.js:57:12)
    at toError (D:\个人文件\react\staff\server\Staff-Server\node_modules\mongoose\node_modules\mongodb\lib\utils.js:130:22)
    at D:\个人文件\react\staff\server\Staff-Server\node_modules\mongoose\node_modules\mongodb\lib\operations\common_functions.js:258:39
    at handler (D:\个人文件\react\staff\server\Staff-Server\node_modules\mongoose\node_modules\mongodb\lib\core\sdam\topology.js:943:24)
    at D:\个人文件\react\staff\server\Staff-Server\node_modules\mongoose\node_modules\mongodb\lib\cmap\connection_pool.js:350:13
    at handleOperationResult (D:\个人文件\react\staff\server\Staff-Server\node_modules\mongoose\node_modules\mongodb\lib\core\sdam\server.js:558:5)
    at MessageStream.messageHandler (D:\个人文件\react\staff\server\Staff-Server\node_modules\mongoose\node_modules\mongodb\lib\cmap\connection.js:281:5)
    at MessageStream.emit (events.js:314:20)
    at processIncomingData (D:\个人文件\react\staff\server\Staff-Server\node_modules\mongoose\node_modules\mongodb\lib\cmap\message_stream.js:144:12)
    at MessageStream._write (D:\个人文件\react\staff\server\Staff-Server\node_modules\mongoose\node_modules\mongodb\lib\cmap\message_stream.js:42:5)
    at doWrite (_stream_writable.js:403:12)
    at writeOrBuffer (_stream_writable.js:387:5)
    at MessageStream.Writable.write (_stream_writable.js:318:11)
    at Socket.ondata (_stream_readable.js:718:22)
    at Socket.emit (events.js:314:20)
    at addChunk (_stream_readable.js:297:12) {
  driver: true,
  index: 0,
  code: 11000,
  keyPattern: { userId: 1 },
  keyValue: { userId: '1' }
}
[2021-08-02T20:47:57.452] [ERROR] cheese - MongoError: E11000 duplicate key error collection: staff.apply index: userId_1 dup key: { userId: "1" }
    at Function.create (D:\个人文件\react\staff\server\Staff-Server\node_modules\mongoose\node_modules\mongodb\lib\core\error.js:57:12)
    at toError (D:\个人文件\react\staff\server\Staff-Server\node_modules\mongoose\node_modules\mongodb\lib\utils.js:130:22)
    at D:\个人文件\react\staff\server\Staff-Server\node_modules\mongoose\node_modules\mongodb\lib\operations\common_functions.js:258:39
    at handler (D:\个人文件\react\staff\server\Staff-Server\node_modules\mongoose\node_modules\mongodb\lib\core\sdam\topology.js:943:24)
    at D:\个人文件\react\staff\server\Staff-Server\node_modules\mongoose\node_modules\mongodb\lib\cmap\connection_pool.js:350:13
    at handleOperationResult (D:\个人文件\react\staff\server\Staff-Server\node_modules\mongoose\node_modules\mongodb\lib\core\sdam\server.js:558:5)
    at MessageStream.messageHandler (D:\个人文件\react\staff\server\Staff-Server\node_modules\mongoose\node_modules\mongodb\lib\cmap\connection.js:281:5)
    at MessageStream.emit (events.js:314:20)
    at processIncomingData (D:\个人文件\react\staff\server\Staff-Server\node_modules\mongoose\node_modules\mongodb\lib\cmap\message_stream.js:144:12)
    at MessageStream._write (D:\个人文件\react\staff\server\Staff-Server\node_modules\mongoose\node_modules\mongodb\lib\cmap\message_stream.js:42:5)
    at doWrite (_stream_writable.js:403:12)
    at writeOrBuffer (_stream_writable.js:387:5)
    at MessageStream.Writable.write (_stream_writable.js:318:11)
    at Socket.ondata (_stream_readable.js:718:22)
    at Socket.emit (events.js:314:20)
    at addChunk (_stream_readable.js:297:12) {
  driver: true,
  index: 0,
  code: 11000,
  keyPattern: { userId: 1 },
  keyValue: { userId: '1' }
}
[2021-08-02T20:48:41.643] [ERROR] cheese - MongoError: E11000 duplicate key error collection: staff.apply index: userId_1 dup key: { userId: "1" }
    at Function.create (D:\个人文件\react\staff\server\Staff-Server\node_modules\mongoose\node_modules\mongodb\lib\core\error.js:57:12)
    at toError (D:\个人文件\react\staff\server\Staff-Server\node_modules\mongoose\node_modules\mongodb\lib\utils.js:130:22)
    at D:\个人文件\react\staff\server\Staff-Server\node_modules\mongoose\node_modules\mongodb\lib\operations\common_functions.js:258:39
    at handler (D:\个人文件\react\staff\server\Staff-Server\node_modules\mongoose\node_modules\mongodb\lib\core\sdam\topology.js:943:24)
    at D:\个人文件\react\staff\server\Staff-Server\node_modules\mongoose\node_modules\mongodb\lib\cmap\connection_pool.js:350:13
    at handleOperationResult (D:\个人文件\react\staff\server\Staff-Server\node_modules\mongoose\node_modules\mongodb\lib\core\sdam\server.js:558:5)
    at MessageStream.messageHandler (D:\个人文件\react\staff\server\Staff-Server\node_modules\mongoose\node_modules\mongodb\lib\cmap\connection.js:281:5)
    at MessageStream.emit (events.js:314:20)
    at processIncomingData (D:\个人文件\react\staff\server\Staff-Server\node_modules\mongoose\node_modules\mongodb\lib\cmap\message_stream.js:144:12)
    at MessageStream._write (D:\个人文件\react\staff\server\Staff-Server\node_modules\mongoose\node_modules\mongodb\lib\cmap\message_stream.js:42:5)
    at doWrite (_stream_writable.js:403:12)
    at writeOrBuffer (_stream_writable.js:387:5)
    at MessageStream.Writable.write (_stream_writable.js:318:11)
    at Socket.ondata (_stream_readable.js:718:22)
    at Socket.emit (events.js:314:20)
    at addChunk (_stream_readable.js:297:12) {
  driver: true,
  index: 0,
  code: 11000,
  keyPattern: { userId: 1 },
  keyValue: { userId: '1' }
}
[2021-08-02T20:48:49.218] [ERROR] cheese - MongoError: E11000 duplicate key error collection: staff.apply index: userId_1 dup key: { userId: "1" }
    at Function.create (D:\个人文件\react\staff\server\Staff-Server\node_modules\mongoose\node_modules\mongodb\lib\core\error.js:57:12)
    at toError (D:\个人文件\react\staff\server\Staff-Server\node_modules\mongoose\node_modules\mongodb\lib\utils.js:130:22)
    at D:\个人文件\react\staff\server\Staff-Server\node_modules\mongoose\node_modules\mongodb\lib\operations\common_functions.js:258:39
    at handler (D:\个人文件\react\staff\server\Staff-Server\node_modules\mongoose\node_modules\mongodb\lib\core\sdam\topology.js:943:24)
    at D:\个人文件\react\staff\server\Staff-Server\node_modules\mongoose\node_modules\mongodb\lib\cmap\connection_pool.js:350:13
    at handleOperationResult (D:\个人文件\react\staff\server\Staff-Server\node_modules\mongoose\node_modules\mongodb\lib\core\sdam\server.js:558:5)
    at MessageStream.messageHandler (D:\个人文件\react\staff\server\Staff-Server\node_modules\mongoose\node_modules\mongodb\lib\cmap\connection.js:281:5)
    at MessageStream.emit (events.js:314:20)
    at processIncomingData (D:\个人文件\react\staff\server\Staff-Server\node_modules\mongoose\node_modules\mongodb\lib\cmap\message_stream.js:144:12)
    at MessageStream._write (D:\个人文件\react\staff\server\Staff-Server\node_modules\mongoose\node_modules\mongodb\lib\cmap\message_stream.js:42:5)
    at doWrite (_stream_writable.js:403:12)
    at writeOrBuffer (_stream_writable.js:387:5)
    at MessageStream.Writable.write (_stream_writable.js:318:11)
    at Socket.ondata (_stream_readable.js:718:22)
    at Socket.emit (events.js:314:20)
    at addChunk (_stream_readable.js:297:12) {
  driver: true,
  index: 0,
  code: 11000,
  keyPattern: { userId: 1 },
  keyValue: { userId: '1' }
}
[2021-08-02T20:49:24.851] [ERROR] cheese - MongoError: E11000 duplicate key error collection: staff.apply index: userId_1 dup key: { userId: "1" }
    at Function.create (D:\个人文件\react\staff\server\Staff-Server\node_modules\mongoose\node_modules\mongodb\lib\core\error.js:57:12)
    at toError (D:\个人文件\react\staff\server\Staff-Server\node_modules\mongoose\node_modules\mongodb\lib\utils.js:130:22)
    at D:\个人文件\react\staff\server\Staff-Server\node_modules\mongoose\node_modules\mongodb\lib\operations\common_functions.js:258:39
    at handler (D:\个人文件\react\staff\server\Staff-Server\node_modules\mongoose\node_modules\mongodb\lib\core\sdam\topology.js:943:24)
    at D:\个人文件\react\staff\server\Staff-Server\node_modules\mongoose\node_modules\mongodb\lib\cmap\connection_pool.js:350:13
    at handleOperationResult (D:\个人文件\react\staff\server\Staff-Server\node_modules\mongoose\node_modules\mongodb\lib\core\sdam\server.js:558:5)
    at MessageStream.messageHandler (D:\个人文件\react\staff\server\Staff-Server\node_modules\mongoose\node_modules\mongodb\lib\cmap\connection.js:281:5)
    at MessageStream.emit (events.js:314:20)
    at processIncomingData (D:\个人文件\react\staff\server\Staff-Server\node_modules\mongoose\node_modules\mongodb\lib\cmap\message_stream.js:144:12)
    at MessageStream._write (D:\个人文件\react\staff\server\Staff-Server\node_modules\mongoose\node_modules\mongodb\lib\cmap\message_stream.js:42:5)
    at doWrite (_stream_writable.js:403:12)
    at writeOrBuffer (_stream_writable.js:387:5)
    at MessageStream.Writable.write (_stream_writable.js:318:11)
    at Socket.ondata (_stream_readable.js:718:22)
    at Socket.emit (events.js:314:20)
    at addChunk (_stream_readable.js:297:12) {
  driver: true,
  index: 0,
  code: 11000,
  keyPattern: { userId: 1 },
  keyValue: { userId: '1' }
}
[2021-08-02T20:51:07.012] [ERROR] cheese - Error: apply validation failed: time: Cast to date failed for value "2020-09-30/220" (type string) at path "time"
    at ValidationError.inspect (D:\个人文件\react\staff\server\Staff-Server\node_modules\mongoose\lib\error\validation.js:47:26)
    at internal/per_context/primordials.js:23:32
    at formatValue (internal/util/inspect.js:762:19)
    at inspect (internal/util/inspect.js:328:10)
    at formatWithOptions (internal/util/inspect.js:1989:40)
    at Object.format (internal/util/inspect.js:1819:10)
    at basicLayout (D:\个人文件\react\staff\server\Staff-Server\node_modules\log4js\lib\layouts.js:62:57)
    at app (D:\个人文件\react\staff\server\Staff-Server\node_modules\log4js\lib\appenders\file.js:64:23)
    at D:\个人文件\react\staff\server\Staff-Server\node_modules\log4js\lib\log4js.js:42:5
    at Array.forEach (<anonymous>)
    at sendLogEventToAppender (D:\个人文件\react\staff\server\Staff-Server\node_modules\log4js\lib\log4js.js:41:21)
    at D:\个人文件\react\staff\server\Staff-Server\node_modules\log4js\lib\clustering.js:23:26
    at Array.forEach (<anonymous>)
    at sendToListeners (D:\个人文件\react\staff\server\Staff-Server\node_modules\log4js\lib\clustering.js:23:13)
    at Object.send (D:\个人文件\react\staff\server\Staff-Server\node_modules\log4js\lib\clustering.js:89:7)
    at Logger._log (D:\个人文件\react\staff\server\Staff-Server\node_modules\log4js\lib\logger.js:90:16) {
  errors: {
    time: CastError: Cast to date failed for value "2020-09-30/220" (type string) at path "time"
        at SchemaDate.cast (D:\个人文件\react\staff\server\Staff-Server\node_modules\mongoose\lib\schema\date.js:353:11)
        at SchemaDate.SchemaType.applySetters (D:\个人文件\react\staff\server\Staff-Server\node_modules\mongoose\lib\schematype.js:1106:12)
        at model.$set (D:\个人文件\react\staff\server\Staff-Server\node_modules\mongoose\lib\document.js:1278:20)
        at model.$set (D:\个人文件\react\staff\server\Staff-Server\node_modules\mongoose\lib\document.js:1022:16)
        at model.Document (D:\个人文件\react\staff\server\Staff-Server\node_modules\mongoose\lib\document.js:147:12)
        at model.Model (D:\个人文件\react\staff\server\Staff-Server\node_modules\mongoose\lib\model.js:105:12)
        at new model (D:\个人文件\react\staff\server\Staff-Server\node_modules\mongoose\lib\model.js:4706:15)
        at D:\个人文件\react\staff\server\Staff-Server\Dao\ApplyDao.js:5:17
        at new Promise (<anonymous>)
        at addApplys (D:\个人文件\react\staff\server\Staff-Server\Dao\ApplyDao.js:4:12)
        at addApply (D:\个人文件\react\staff\server\Staff-Server\control\user.js:305:39)
        at Layer.handle [as handle_request] (D:\个人文件\react\staff\server\Staff-Server\node_modules\express\lib\router\layer.js:95:5)
        at next (D:\个人文件\react\staff\server\Staff-Server\node_modules\express\lib\router\route.js:137:13)
        at Route.dispatch (D:\个人文件\react\staff\server\Staff-Server\node_modules\express\lib\router\route.js:112:3)
        at Layer.handle [as handle_request] (D:\个人文件\react\staff\server\Staff-Server\node_modules\express\lib\router\layer.js:95:5)
        at D:\个人文件\react\staff\server\Staff-Server\node_modules\express\lib\router\index.js:281:22 {
      stringValue: '"2020-09-30/220"',
      messageFormat: undefined,
      kind: 'date',
      value: '2020-09-30/220',
      path: 'time',
      reason: AssertionError [ERR_ASSERTION]: The expression evaluated to a falsy value:
      
        assert.ok(false)
      
          at castDate (D:\个人文件\react\staff\server\Staff-Server\node_modules\mongoose\lib\cast\date.js:40:10)
          at SchemaDate.cast (D:\个人文件\react\staff\server\Staff-Server\node_modules\mongoose\lib\schema\date.js:351:12)
          at SchemaDate.SchemaType.applySetters (D:\个人文件\react\staff\server\Staff-Server\node_modules\mongoose\lib\schematype.js:1106:12)
          at model.$set (D:\个人文件\react\staff\server\Staff-Server\node_modules\mongoose\lib\document.js:1278:20)
          at model.$set (D:\个人文件\react\staff\server\Staff-Server\node_modules\mongoose\lib\document.js:1022:16)
          at model.Document (D:\个人文件\react\staff\server\Staff-Server\node_modules\mongoose\lib\document.js:147:12)
          at model.Model (D:\个人文件\react\staff\server\Staff-Server\node_modules\mongoose\lib\model.js:105:12)
          at new model (D:\个人文件\react\staff\server\Staff-Server\node_modules\mongoose\lib\model.js:4706:15)
          at D:\个人文件\react\staff\server\Staff-Server\Dao\ApplyDao.js:5:17
          at new Promise (<anonymous>)
          at addApplys (D:\个人文件\react\staff\server\Staff-Server\Dao\ApplyDao.js:4:12)
          at addApply (D:\个人文件\react\staff\server\Staff-Server\control\user.js:305:39)
          at Layer.handle [as handle_request] (D:\个人文件\react\staff\server\Staff-Server\node_modules\express\lib\router\layer.js:95:5)
          at next (D:\个人文件\react\staff\server\Staff-Server\node_modules\express\lib\router\route.js:137:13)
          at Route.dispatch (D:\个人文件\react\staff\server\Staff-Server\node_modules\express\lib\router\route.js:112:3)
          at Layer.handle [as handle_request] (D:\个人文件\react\staff\server\Staff-Server\node_modules\express\lib\router\layer.js:95:5) {
        generatedMessage: true,
        code: 'ERR_ASSERTION',
        actual: false,
        expected: true,
        operator: '=='
      },
      valueType: 'string'
    }
  },
  _message: 'apply validation failed'
}
[2021-08-02T20:53:22.819] [ERROR] cheese - TypeError: Strategies[level] is not a function
    at calculateBonus (D:\个人文件\react\staff\server\Staff-Server\api\message.js:45:22)
    at delApply (D:\个人文件\react\staff\server\Staff-Server\control\user.js:320:13)
    at processTicksAndRejections (internal/process/task_queues.js:97:5)
[2021-08-02T20:58:14.699] [ERROR] cheese - TypeError: Strategies[level] is not a function
    at calculateBonus (D:\个人文件\react\staff\server\Staff-Server\api\message.js:45:22)
    at handleRepeal (D:\个人文件\react\staff\server\Staff-Server\control\user.js:351:13)
    at processTicksAndRejections (internal/process/task_queues.js:97:5)
[2021-08-02T21:00:39.324] [ERROR] cheese - TypeError: Strategies[level] is not a function
    at calculateBonus (D:\个人文件\react\staff\server\Staff-Server\api\message.js:45:22)
    at handleRef (D:\个人文件\react\staff\server\Staff-Server\control\user.js:366:13)
    at processTicksAndRejections (internal/process/task_queues.js:97:5)
[2021-08-02T21:36:50.981] [ERROR] cheese - admin/adminMongoError: The field 'userId' must be an accumulator object
[2021-08-02T21:39:08.206] [ERROR] cheese - admin/adminMongoError: The field 'userId' must be an accumulator object
[2021-08-02T21:53:08.055] [ERROR] cheese - admin/adminMongoError: Invalid $project :: caused by :: FieldPath field names may not start with '$'. Consider using $getField or $setField.
[2021-08-02T21:53:23.145] [ERROR] cheese - admin/adminMongoError: Invalid $project :: caused by :: FieldPath field names may not start with '$'. Consider using $getField or $setField.
[2021-08-02T22:42:02.264] [ERROR] cheese - MongoError: E11000 duplicate key error collection: staff.user index: userId_1 dup key: { userId: "16279140077221234" }
    at Function.create (D:\个人文件\react\staff\server\Staff-Server\node_modules\mongoose\node_modules\mongodb\lib\core\error.js:57:12)
    at toError (D:\个人文件\react\staff\server\Staff-Server\node_modules\mongoose\node_modules\mongodb\lib\utils.js:130:22)
    at D:\个人文件\react\staff\server\Staff-Server\node_modules\mongoose\node_modules\mongodb\lib\operations\common_functions.js:258:39
    at handler (D:\个人文件\react\staff\server\Staff-Server\node_modules\mongoose\node_modules\mongodb\lib\core\sdam\topology.js:943:24)
    at D:\个人文件\react\staff\server\Staff-Server\node_modules\mongoose\node_modules\mongodb\lib\cmap\connection_pool.js:350:13
    at handleOperationResult (D:\个人文件\react\staff\server\Staff-Server\node_modules\mongoose\node_modules\mongodb\lib\core\sdam\server.js:558:5)
    at MessageStream.messageHandler (D:\个人文件\react\staff\server\Staff-Server\node_modules\mongoose\node_modules\mongodb\lib\cmap\connection.js:281:5)
    at MessageStream.emit (events.js:314:20)
    at processIncomingData (D:\个人文件\react\staff\server\Staff-Server\node_modules\mongoose\node_modules\mongodb\lib\cmap\message_stream.js:144:12)
    at MessageStream._write (D:\个人文件\react\staff\server\Staff-Server\node_modules\mongoose\node_modules\mongodb\lib\cmap\message_stream.js:42:5)
    at doWrite (_stream_writable.js:403:12)
    at writeOrBuffer (_stream_writable.js:387:5)
    at MessageStream.Writable.write (_stream_writable.js:318:11)
    at Socket.ondata (_stream_readable.js:718:22)
    at Socket.emit (events.js:314:20)
    at addChunk (_stream_readable.js:297:12) {
  driver: true,
  index: 0,
  code: 11000,
  keyPattern: { userId: 1 },
  keyValue: { userId: '16279140077221234' }
}
